<?xml version="1.0" encoding="UTF-8"?>
<!-- Generated by org.testng.reporters.JUnitReportReporter -->
<testsuite hostname="Badrikants-MacBook-Pro.local" name="SeleniumWebDriverCode" tests="1" failures="0" timestamp="19 Jun 2013 19:39:40 GMT" time="16.403" errors="0">
  <testcase name="testSeleniumWebDriverCode" time="16.403" classname="SeleniumWebDriverCode"/>
</testsuite> <!-- SeleniumWebDriverCode -->
